<?xml version="1.0" encoding="UTF-8"?>
<!-- Generated by org.testng.reporters.JUnitReportReporter -->
<testsuite skipped="0" hostname="INCHCMLP03299" name="org.web.automation.testcases.TC_001_Registration_Functionality2_Firefox" tests="1" failures="0" timestamp="2020-08-01T19:38:50 IST" time="29.079" errors="0">
  <testcase name="tc001" time="29.079" classname="org.web.automation.testcases.TC_001_Registration_Functionality2_Firefox"/>
  <system-out/>
</testsuite> <!-- org.web.automation.testcases.TC_001_Registration_Functionality2_Firefox -->
