<?xml version="1.0" encoding="UTF-8"?>
<!-- Generated by org.testng.reporters.JUnitReportReporter -->
<testsuite skipped="0" hostname="INCHCMLP03299" name="org.web.automation.testcases.TC_002_DataProvider" tests="3" failures="0" timestamp="2020-08-21T16:31:57 IST" time="92.765" errors="0">
  <testcase name="tc_002" time="16.719" classname="org.web.automation.testcases.TC_002_DataProvider"/>
  <system-out/>
  <testcase name="tc_002" time="59.076" classname="org.web.automation.testcases.TC_002_DataProvider"/>
  <system-out/>
  <testcase name="tc_002" time="16.970" classname="org.web.automation.testcases.TC_002_DataProvider"/>
  <system-out/>
</testsuite> <!-- org.web.automation.testcases.TC_002_DataProvider -->
