<?xml version="1.0" encoding="UTF-8"?>
<!-- Generated by org.testng.reporters.JUnitReportReporter -->
<testsuite skipped="0" hostname="INCHCMLP03299" name="org.web.automation.testcases.TC_010_ScreenshotTest" tests="1" failures="0" timestamp="2020-08-04T20:31:59 IST" time="49.096" errors="0">
  <testcase name="tc001" time="49.096" classname="org.web.automation.testcases.TC_010_ScreenshotTest"/>
  <system-out/>
</testsuite> <!-- org.web.automation.testcases.TC_010_ScreenshotTest -->
