<?xml version="1.0" encoding="UTF-8"?>
<!-- Generated by org.testng.reporters.JUnitReportReporter -->
<testsuite skipped="0" hostname="INCHCMLP03299" name="org.web.automation.testcases.TC_001_Functionality6_Actions_combined" tests="1" failures="0" timestamp="2020-08-02T19:48:46 IST" time="11.917" errors="0">
  <testcase name="tc001" time="11.917" classname="org.web.automation.testcases.TC_001_Functionality6_Actions_combined"/>
  <system-out/>
</testsuite> <!-- org.web.automation.testcases.TC_001_Functionality6_Actions_combined -->
