<?xml version="1.0" encoding="UTF-8"?>
<!-- Generated by org.testng.reporters.JUnitReportReporter -->
<testsuite skipped="0" hostname="INCHCMLP03299" name="org.web.automation.testcases.TC_009_Functionality9_Actions_Mouse_Moveover" tests="1" failures="0" timestamp="2020-08-05T21:00:14 IST" time="38.206" errors="0">
  <testcase name="tc001" time="38.206" classname="org.web.automation.testcases.TC_009_Functionality9_Actions_Mouse_Moveover"/>
  <system-out/>
</testsuite> <!-- org.web.automation.testcases.TC_009_Functionality9_Actions_Mouse_Moveover -->
