<?xml version="1.0" encoding="UTF-8"?>
<!-- Generated by org.testng.reporters.JUnitReportReporter -->
<testsuite skipped="0" hostname="INCHCMLP03299" name="org.web.automation.testcases.TC_001_Registration_Functionality4_RadioButton" tests="1" failures="0" timestamp="2020-08-02T19:12:38 IST" time="33.061" errors="0">
  <testcase name="tc001" time="33.061" classname="org.web.automation.testcases.TC_001_Registration_Functionality4_RadioButton"/>
  <system-out/>
</testsuite> <!-- org.web.automation.testcases.TC_001_Registration_Functionality4_RadioButton -->
